22:25:11.797 Api Request Received: messageType:GetStepValueRequest messageId:4 stepValueRequest:<stepText:"Almost all words have vowels <wordsTable>" hasInlineTable:false > 
22:25:11.797 Sending API response: messageType:GetStepValueResponse messageId:4 stepValueResponse:<stepValue:<stepValue:"Almost all words have vowels {}" parameterizedStepValue:"Almost all words have vowels <wordsTable>" parameters:"wordsTable" > > 
22:25:11.801 Api Request Received: messageType:GetStepValueRequest messageId:4 stepValueRequest:<stepText:"The word <word> has <expectedCount> vowels." hasInlineTable:false > 
22:25:11.801 Sending API response: messageType:GetStepValueResponse messageId:4 stepValueResponse:<stepValue:<stepValue:"The word {} has {} vowels." parameterizedStepValue:"The word <word> has <expectedCount> vowels." parameters:"word" parameters:"expectedCount" > > 
22:25:11.801 Api Request Received: messageType:GetStepValueRequest messageId:4 stepValueRequest:<stepText:"Vowels in English language are <vowelString>." hasInlineTable:false > 
22:25:11.801 Sending API response: messageType:GetStepValueResponse messageId:4 stepValueResponse:<stepValue:<stepValue:"Vowels in English language are {}." parameterizedStepValue:"Vowels in English language are <vowelString>." parameters:"vowelString" > > 
22:32:52.494 Api Request Received: messageType:GetStepValueRequest messageId:4 stepValueRequest:<stepText:"Almost all words have vowels <wordsTable>" hasInlineTable:false > 
22:32:52.494 Sending API response: messageType:GetStepValueResponse messageId:4 stepValueResponse:<stepValue:<stepValue:"Almost all words have vowels {}" parameterizedStepValue:"Almost all words have vowels <wordsTable>" parameters:"wordsTable" > > 
22:32:52.497 Api Request Received: messageType:GetStepValueRequest messageId:4 stepValueRequest:<stepText:"The word <word> has <expectedCount> vowels." hasInlineTable:false > 
22:32:52.497 Sending API response: messageType:GetStepValueResponse messageId:4 stepValueResponse:<stepValue:<stepValue:"The word {} has {} vowels." parameterizedStepValue:"The word <word> has <expectedCount> vowels." parameters:"word" parameters:"expectedCount" > > 
22:32:52.498 Api Request Received: messageType:GetStepValueRequest messageId:4 stepValueRequest:<stepText:"Vowels in English language are <vowelString>." hasInlineTable:false > 
22:32:52.498 Sending API response: messageType:GetStepValueResponse messageId:4 stepValueResponse:<stepValue:<stepValue:"Vowels in English language are {}." parameterizedStepValue:"Vowels in English language are <vowelString>." parameters:"vowelString" > > 
22:50:19.422 Api Request Received: messageType:GetStepValueRequest messageId:4 stepValueRequest:<stepText:"Almost all words have vowels <wordsTable>" hasInlineTable:false > 
22:50:19.422 Sending API response: messageType:GetStepValueResponse messageId:4 stepValueResponse:<stepValue:<stepValue:"Almost all words have vowels {}" parameterizedStepValue:"Almost all words have vowels <wordsTable>" parameters:"wordsTable" > > 
22:50:19.426 Api Request Received: messageType:GetStepValueRequest messageId:4 stepValueRequest:<stepText:"Say <greeting> to <product name>" hasInlineTable:false > 
22:50:19.426 Sending API response: messageType:GetStepValueResponse messageId:4 stepValueResponse:<stepValue:<stepValue:"Say {} to {}" parameterizedStepValue:"Say <greeting> to <product name>" parameters:"greeting" parameters:"product name" > > 
22:50:19.427 Api Request Received: messageType:GetStepValueRequest messageId:4 stepValueRequest:<stepText:"Vowels in English language are <vowelString>." hasInlineTable:false > 
22:50:19.427 Sending API response: messageType:GetStepValueResponse messageId:4 stepValueResponse:<stepValue:<stepValue:"Vowels in English language are {}." parameterizedStepValue:"Vowels in English language are <vowelString>." parameters:"vowelString" > > 
22:52:20.404 Api Request Received: messageType:GetStepValueRequest messageId:4 stepValueRequest:<stepText:"Say <greeting> to <product name>" hasInlineTable:false > 
22:52:20.404 Sending API response: messageType:GetStepValueResponse messageId:4 stepValueResponse:<stepValue:<stepValue:"Say {} to {}" parameterizedStepValue:"Say <greeting> to <product name>" parameters:"greeting" parameters:"product name" > > 
22:53:06.909 Api Request Received: messageType:GetStepValueRequest messageId:4 stepValueRequest:<stepText:"Say <greeting> to <product name>" hasInlineTable:false > 
22:53:06.909 Sending API response: messageType:GetStepValueResponse messageId:4 stepValueResponse:<stepValue:<stepValue:"Say {} to {}" parameterizedStepValue:"Say <greeting> to <product name>" parameters:"greeting" parameters:"product name" > > 
22:54:10.595 Api Request Received: messageType:GetStepValueRequest messageId:4 stepValueRequest:<stepText:"Say <greeting> to <product name>" hasInlineTable:false > 
22:54:10.595 Sending API response: messageType:GetStepValueResponse messageId:4 stepValueResponse:<stepValue:<stepValue:"Say {} to {}" parameterizedStepValue:"Say <greeting> to <product name>" parameters:"greeting" parameters:"product name" > > 
22:54:31.651 Api Request Received: messageType:GetStepValueRequest messageId:4 stepValueRequest:<stepText:"Say <greeting> to <product name>" hasInlineTable:false > 
22:54:31.651 Sending API response: messageType:GetStepValueResponse messageId:4 stepValueResponse:<stepValue:<stepValue:"Say {} to {}" parameterizedStepValue:"Say <greeting> to <product name>" parameters:"greeting" parameters:"product name" > > 
22:55:43.323 Api Request Received: messageType:GetStepValueRequest messageId:4 stepValueRequest:<stepText:"Say <greeting> to <product name>" hasInlineTable:false > 
22:55:43.324 Sending API response: messageType:GetStepValueResponse messageId:4 stepValueResponse:<stepValue:<stepValue:"Say {} to {}" parameterizedStepValue:"Say <greeting> to <product name>" parameters:"greeting" parameters:"product name" > > 
22:55:56.661 Api Request Received: messageType:GetStepValueRequest messageId:4 stepValueRequest:<stepText:"Say <greeting> to <product name>" hasInlineTable:false > 
22:55:56.661 Sending API response: messageType:GetStepValueResponse messageId:4 stepValueResponse:<stepValue:<stepValue:"Say {} to {}" parameterizedStepValue:"Say <greeting> to <product name>" parameters:"greeting" parameters:"product name" > > 
22:56:51.770 Api Request Received: messageType:GetStepValueRequest messageId:4 stepValueRequest:<stepText:"Say <greeting> to <product name>" hasInlineTable:false > 
22:56:51.770 Sending API response: messageType:GetStepValueResponse messageId:4 stepValueResponse:<stepValue:<stepValue:"Say {} to {}" parameterizedStepValue:"Say <greeting> to <product name>" parameters:"greeting" parameters:"product name" > > 
22:56:51.773 Api Request Received: messageType:GetStepValueRequest messageId:4 stepValueRequest:<stepText:"Create following <race> characters <table>" hasInlineTable:false > 
22:56:51.774 Sending API response: messageType:GetStepValueResponse messageId:4 stepValueResponse:<stepValue:<stepValue:"Create following {} characters {}" parameterizedStepValue:"Create following <race> characters <table>" parameters:"race" parameters:"table" > > 
22:59:28.370 Api Request Received: messageType:GetStepValueRequest messageId:4 stepValueRequest:<stepText:"Say <greeting> to <product name>" hasInlineTable:false > 
22:59:28.371 Sending API response: messageType:GetStepValueResponse messageId:4 stepValueResponse:<stepValue:<stepValue:"Say {} to {}" parameterizedStepValue:"Say <greeting> to <product name>" parameters:"greeting" parameters:"product name" > > 
22:59:28.374 Api Request Received: messageType:GetStepValueRequest messageId:4 stepValueRequest:<stepText:"Create following <race> characters <table>" hasInlineTable:false > 
22:59:28.374 Sending API response: messageType:GetStepValueResponse messageId:4 stepValueResponse:<stepValue:<stepValue:"Create following {} characters {}" parameterizedStepValue:"Create following <race> characters <table>" parameters:"race" parameters:"table" > > 
